<?xml version="1.0" encoding="UTF-8"?>
<!-- Generated by org.testng.reporters.JUnitReportReporter -->
<testsuite hostname="BLR1-LHP-N80701" failures="0" tests="1" name="com.salesforce.qa.testcases.ContactsPageTest" time="29.434" errors="0" timestamp="2024-11-25T21:10:37 IST" skipped="0">
  <testcase classname="com.salesforce.qa.testcases.ContactsPageTest" name="verifyCreatedContactAssociatedWithAccountAndDeleteAccount" time="29.434"/>
  <system-out/>
</testsuite> <!-- com.salesforce.qa.testcases.ContactsPageTest -->
