<?xml version="1.0" encoding="UTF-8"?>
<!-- Generated by org.testng.reporters.JUnitReportReporter -->
<testsuite hostname="BLR1-LHP-N80701" failures="0" tests="3" name="com.salesforce.qa.testcases.LoginPageTest" time="18.531" errors="0" timestamp="2024-11-25T21:10:37 IST" skipped="0">
  <testcase classname="com.salesforce.qa.testcases.LoginPageTest" name="loginPageTitleTest" time="2.031"/>
  <system-out/>
  <testcase classname="com.salesforce.qa.testcases.LoginPageTest" name="salesforceLogoImageTest" time="2.634"/>
  <system-out/>
  <testcase classname="com.salesforce.qa.testcases.LoginPageTest" name="loginTest" time="13.866"/>
  <system-out/>
</testsuite> <!-- com.salesforce.qa.testcases.LoginPageTest -->
