<?xml version="1.0" encoding="UTF-8"?>
<!-- Generated by org.testng.reporters.JUnitReportReporter -->
<testsuite hostname="BLR1-LHP-N80701" failures="0" tests="1" name="com.salesforce.qa.testcases.AccountsPageTest" time="21.469" errors="0" timestamp="2024-11-25T21:10:37 IST" skipped="0">
  <testcase classname="com.salesforce.qa.testcases.AccountsPageTest" name="verifyAccountCreationTest" time="21.469"/>
  <system-out/>
</testsuite> <!-- com.salesforce.qa.testcases.AccountsPageTest -->
