<?xml version="1.0" encoding="UTF-8"?>
<!-- Generated by org.testng.reporters.JUnitReportReporter -->
<testsuite hostname="BLR1-LHP-N80701" failures="0" tests="4" name="com.salesforce.qa.testcases.HomePageTest" time="36.588" errors="0" timestamp="2024-11-25T21:10:37 IST" skipped="0">
  <testcase classname="com.salesforce.qa.testcases.HomePageTest" name="verifyHomePageTitleTest" time="6.721"/>
  <system-out/>
  <testcase classname="com.salesforce.qa.testcases.HomePageTest" name="verifyUserNameTest" time="7.750"/>
  <system-out/>
  <testcase classname="com.salesforce.qa.testcases.HomePageTest" name="logoutTest" time="13.778"/>
  <system-out/>
  <testcase classname="com.salesforce.qa.testcases.HomePageTest" name="appLauncherSearchTest" time="8.339"/>
  <system-out/>
</testsuite> <!-- com.salesforce.qa.testcases.HomePageTest -->
